18-Sep-2021 15:55:43.899 INFO [main] org.apache.catalina.startup.VersionLoggerListener.log Server version name:   Apache Tomcat/9.0.53
18-Sep-2021 15:55:43.903 INFO [main] org.apache.catalina.startup.VersionLoggerListener.log Server built:          Sep 6 2021 19:09:00 UTC
18-Sep-2021 15:55:43.904 INFO [main] org.apache.catalina.startup.VersionLoggerListener.log Server version number: 9.0.53.0
18-Sep-2021 15:55:43.904 INFO [main] org.apache.catalina.startup.VersionLoggerListener.log OS Name:               Windows 10
18-Sep-2021 15:55:43.904 INFO [main] org.apache.catalina.startup.VersionLoggerListener.log OS Version:            10.0
18-Sep-2021 15:55:43.904 INFO [main] org.apache.catalina.startup.VersionLoggerListener.log Architecture:          amd64
18-Sep-2021 15:55:43.904 INFO [main] org.apache.catalina.startup.VersionLoggerListener.log Java Home:             C:\Program Files\Java\jdk-15.0.2
18-Sep-2021 15:55:43.904 INFO [main] org.apache.catalina.startup.VersionLoggerListener.log JVM Version:           15.0.2+7-27
18-Sep-2021 15:55:43.904 INFO [main] org.apache.catalina.startup.VersionLoggerListener.log JVM Vendor:            Oracle Corporation
18-Sep-2021 15:55:43.905 INFO [main] org.apache.catalina.startup.VersionLoggerListener.log CATALINA_BASE:         C:\apache-tomcat-9.0.53
18-Sep-2021 15:55:43.905 INFO [main] org.apache.catalina.startup.VersionLoggerListener.log CATALINA_HOME:         C:\apache-tomcat-9.0.53
18-Sep-2021 15:55:43.919 INFO [main] org.apache.catalina.startup.VersionLoggerListener.log Command line argument: --add-opens=java.base/java.lang=ALL-UNNAMED
18-Sep-2021 15:55:43.919 INFO [main] org.apache.catalina.startup.VersionLoggerListener.log Command line argument: --add-opens=java.base/java.io=ALL-UNNAMED
18-Sep-2021 15:55:43.919 INFO [main] org.apache.catalina.startup.VersionLoggerListener.log Command line argument: --add-opens=java.base/java.util=ALL-UNNAMED
18-Sep-2021 15:55:43.920 INFO [main] org.apache.catalina.startup.VersionLoggerListener.log Command line argument: --add-opens=java.base/java.util.concurrent=ALL-UNNAMED
18-Sep-2021 15:55:43.920 INFO [main] org.apache.catalina.startup.VersionLoggerListener.log Command line argument: --add-opens=java.rmi/sun.rmi.transport=ALL-UNNAMED
18-Sep-2021 15:55:43.920 INFO [main] org.apache.catalina.startup.VersionLoggerListener.log Command line argument: -Djava.util.logging.config.file=C:\apache-tomcat-9.0.53\conf\logging.properties
18-Sep-2021 15:55:43.921 INFO [main] org.apache.catalina.startup.VersionLoggerListener.log Command line argument: -Djava.util.logging.manager=org.apache.juli.ClassLoaderLogManager
18-Sep-2021 15:55:43.951 INFO [main] org.apache.catalina.startup.VersionLoggerListener.log Command line argument: -Djdk.tls.ephemeralDHKeySize=2048
18-Sep-2021 15:55:43.952 INFO [main] org.apache.catalina.startup.VersionLoggerListener.log Command line argument: -Djava.protocol.handler.pkgs=org.apache.catalina.webresources
18-Sep-2021 15:55:43.955 INFO [main] org.apache.catalina.startup.VersionLoggerListener.log Command line argument: -Dignore.endorsed.dirs=
18-Sep-2021 15:55:43.955 INFO [main] org.apache.catalina.startup.VersionLoggerListener.log Command line argument: -Dcatalina.base=C:\apache-tomcat-9.0.53
18-Sep-2021 15:55:43.962 INFO [main] org.apache.catalina.startup.VersionLoggerListener.log Command line argument: -Dcatalina.home=C:\apache-tomcat-9.0.53
18-Sep-2021 15:55:43.962 INFO [main] org.apache.catalina.startup.VersionLoggerListener.log Command line argument: -Djava.io.tmpdir=C:\apache-tomcat-9.0.53\temp
18-Sep-2021 15:55:43.968 INFO [main] org.apache.catalina.core.AprLifecycleListener.lifecycleEvent Loaded Apache Tomcat Native library [1.2.31] using APR version [1.7.0].
18-Sep-2021 15:55:43.968 INFO [main] org.apache.catalina.core.AprLifecycleListener.lifecycleEvent APR capabilities: IPv6 [true], sendfile [true], accept filters [false], random [true], UDS [true].
18-Sep-2021 15:55:43.985 INFO [main] org.apache.catalina.core.AprLifecycleListener.lifecycleEvent APR/OpenSSL configuration: useAprConnector [false], useOpenSSL [true]
18-Sep-2021 15:55:43.990 INFO [main] org.apache.catalina.core.AprLifecycleListener.initializeSSL OpenSSL successfully initialized [OpenSSL 1.1.1l  24 Aug 2021]
18-Sep-2021 15:55:44.228 INFO [main] org.apache.coyote.AbstractProtocol.init Initializing ProtocolHandler ["http-nio-8080"]
18-Sep-2021 15:55:44.243 SEVERE [main] org.apache.catalina.util.LifecycleBase.handleSubClassException Failed to initialize component [Connector[HTTP/1.1-8080]]
	org.apache.catalina.LifecycleException: Protocol handler initialization failed
		at org.apache.catalina.connector.Connector.initInternal(Connector.java:1049)
		at org.apache.catalina.util.LifecycleBase.init(LifecycleBase.java:136)
		at org.apache.catalina.core.StandardService.initInternal(StandardService.java:556)
		at org.apache.catalina.util.LifecycleBase.init(LifecycleBase.java:136)
		at org.apache.catalina.core.StandardServer.initInternal(StandardServer.java:1042)
		at org.apache.catalina.util.LifecycleBase.init(LifecycleBase.java:136)
		at org.apache.catalina.startup.Catalina.load(Catalina.java:724)
		at org.apache.catalina.startup.Catalina.load(Catalina.java:746)
		at java.base/jdk.internal.reflect.NativeMethodAccessorImpl.invoke0(Native Method)
		at java.base/jdk.internal.reflect.NativeMethodAccessorImpl.invoke(NativeMethodAccessorImpl.java:64)
		at java.base/jdk.internal.reflect.DelegatingMethodAccessorImpl.invoke(DelegatingMethodAccessorImpl.java:43)
		at java.base/java.lang.reflect.Method.invoke(Method.java:564)
		at org.apache.catalina.startup.Bootstrap.load(Bootstrap.java:305)
		at org.apache.catalina.startup.Bootstrap.main(Bootstrap.java:475)
	Caused by: java.net.BindException: Address already in use: bind
		at java.base/sun.nio.ch.Net.bind0(Native Method)
		at java.base/sun.nio.ch.Net.bind(Net.java:550)
		at java.base/sun.nio.ch.ServerSocketChannelImpl.bind(ServerSocketChannelImpl.java:249)
		at org.apache.tomcat.util.net.NioEndpoint.initServerSocket(NioEndpoint.java:271)
		at org.apache.tomcat.util.net.NioEndpoint.bind(NioEndpoint.java:226)
		at org.apache.tomcat.util.net.AbstractEndpoint.bindWithCleanup(AbstractEndpoint.java:1208)
		at org.apache.tomcat.util.net.AbstractEndpoint.init(AbstractEndpoint.java:1221)
		at org.apache.coyote.AbstractProtocol.init(AbstractProtocol.java:603)
		at org.apache.coyote.http11.AbstractHttp11Protocol.init(AbstractHttp11Protocol.java:80)
		at org.apache.catalina.connector.Connector.initInternal(Connector.java:1046)
		... 13 more
18-Sep-2021 15:55:44.244 INFO [main] org.apache.catalina.startup.Catalina.load Server initialization in [492] milliseconds
18-Sep-2021 15:55:44.279 INFO [main] org.apache.catalina.core.StandardService.startInternal Starting service [Catalina]
18-Sep-2021 15:55:44.279 INFO [main] org.apache.catalina.core.StandardEngine.startInternal Starting Servlet engine: [Apache Tomcat/9.0.53]
18-Sep-2021 15:55:44.290 INFO [main] org.apache.catalina.startup.HostConfig.deployDirectory Deploying web application directory [C:\apache-tomcat-9.0.53\webapps\docs]
18-Sep-2021 15:55:44.523 INFO [main] org.apache.catalina.startup.HostConfig.deployDirectory Deployment of web application directory [C:\apache-tomcat-9.0.53\webapps\docs] has finished in [232] ms
18-Sep-2021 15:55:44.524 INFO [main] org.apache.catalina.startup.HostConfig.deployDirectory Deploying web application directory [C:\apache-tomcat-9.0.53\webapps\examples]
18-Sep-2021 15:55:44.867 INFO [main] org.apache.catalina.startup.HostConfig.deployDirectory Deployment of web application directory [C:\apache-tomcat-9.0.53\webapps\examples] has finished in [344] ms
18-Sep-2021 15:55:44.868 INFO [main] org.apache.catalina.startup.HostConfig.deployDirectory Deploying web application directory [C:\apache-tomcat-9.0.53\webapps\host-manager]
18-Sep-2021 15:55:44.901 INFO [main] org.apache.catalina.startup.HostConfig.deployDirectory Deployment of web application directory [C:\apache-tomcat-9.0.53\webapps\host-manager] has finished in [34] ms
18-Sep-2021 15:55:44.902 INFO [main] org.apache.catalina.startup.HostConfig.deployDirectory Deploying web application directory [C:\apache-tomcat-9.0.53\webapps\manager]
18-Sep-2021 15:55:44.934 INFO [main] org.apache.catalina.startup.HostConfig.deployDirectory Deployment of web application directory [C:\apache-tomcat-9.0.53\webapps\manager] has finished in [31] ms
18-Sep-2021 15:55:44.934 INFO [main] org.apache.catalina.startup.HostConfig.deployDirectory Deploying web application directory [C:\apache-tomcat-9.0.53\webapps\ROOT]
18-Sep-2021 15:55:44.955 INFO [main] org.apache.catalina.startup.HostConfig.deployDirectory Deployment of web application directory [C:\apache-tomcat-9.0.53\webapps\ROOT] has finished in [21] ms
18-Sep-2021 15:55:44.960 INFO [main] org.apache.catalina.startup.Catalina.start Server startup in [716] milliseconds
18-Sep-2021 16:03:05.695 INFO [main] org.apache.catalina.startup.VersionLoggerListener.log Server version name:   Apache Tomcat/9.0.53
18-Sep-2021 16:03:05.699 INFO [main] org.apache.catalina.startup.VersionLoggerListener.log Server built:          Sep 6 2021 19:09:00 UTC
18-Sep-2021 16:03:05.699 INFO [main] org.apache.catalina.startup.VersionLoggerListener.log Server version number: 9.0.53.0
18-Sep-2021 16:03:05.699 INFO [main] org.apache.catalina.startup.VersionLoggerListener.log OS Name:               Windows 10
18-Sep-2021 16:03:05.700 INFO [main] org.apache.catalina.startup.VersionLoggerListener.log OS Version:            10.0
18-Sep-2021 16:03:05.700 INFO [main] org.apache.catalina.startup.VersionLoggerListener.log Architecture:          amd64
18-Sep-2021 16:03:05.700 INFO [main] org.apache.catalina.startup.VersionLoggerListener.log Java Home:             C:\Program Files\Java\jdk-15.0.2
18-Sep-2021 16:03:05.700 INFO [main] org.apache.catalina.startup.VersionLoggerListener.log JVM Version:           15.0.2+7-27
18-Sep-2021 16:03:05.700 INFO [main] org.apache.catalina.startup.VersionLoggerListener.log JVM Vendor:            Oracle Corporation
18-Sep-2021 16:03:05.700 INFO [main] org.apache.catalina.startup.VersionLoggerListener.log CATALINA_BASE:         C:\apache-tomcat-9.0.53
18-Sep-2021 16:03:05.701 INFO [main] org.apache.catalina.startup.VersionLoggerListener.log CATALINA_HOME:         C:\apache-tomcat-9.0.53
18-Sep-2021 16:03:05.713 INFO [main] org.apache.catalina.startup.VersionLoggerListener.log Command line argument: --add-opens=java.base/java.lang=ALL-UNNAMED
18-Sep-2021 16:03:05.713 INFO [main] org.apache.catalina.startup.VersionLoggerListener.log Command line argument: --add-opens=java.base/java.io=ALL-UNNAMED
18-Sep-2021 16:03:05.713 INFO [main] org.apache.catalina.startup.VersionLoggerListener.log Command line argument: --add-opens=java.base/java.util=ALL-UNNAMED
18-Sep-2021 16:03:05.714 INFO [main] org.apache.catalina.startup.VersionLoggerListener.log Command line argument: --add-opens=java.base/java.util.concurrent=ALL-UNNAMED
18-Sep-2021 16:03:05.715 INFO [main] org.apache.catalina.startup.VersionLoggerListener.log Command line argument: --add-opens=java.rmi/sun.rmi.transport=ALL-UNNAMED
18-Sep-2021 16:03:05.716 INFO [main] org.apache.catalina.startup.VersionLoggerListener.log Command line argument: -Djava.util.logging.config.file=C:\apache-tomcat-9.0.53\conf\logging.properties
18-Sep-2021 16:03:05.716 INFO [main] org.apache.catalina.startup.VersionLoggerListener.log Command line argument: -Djava.util.logging.manager=org.apache.juli.ClassLoaderLogManager
18-Sep-2021 16:03:05.717 INFO [main] org.apache.catalina.startup.VersionLoggerListener.log Command line argument: -Djdk.tls.ephemeralDHKeySize=2048
18-Sep-2021 16:03:05.717 INFO [main] org.apache.catalina.startup.VersionLoggerListener.log Command line argument: -Djava.protocol.handler.pkgs=org.apache.catalina.webresources
18-Sep-2021 16:03:05.718 INFO [main] org.apache.catalina.startup.VersionLoggerListener.log Command line argument: -Dignore.endorsed.dirs=
18-Sep-2021 16:03:05.718 INFO [main] org.apache.catalina.startup.VersionLoggerListener.log Command line argument: -Dcatalina.base=C:\apache-tomcat-9.0.53
18-Sep-2021 16:03:05.719 INFO [main] org.apache.catalina.startup.VersionLoggerListener.log Command line argument: -Dcatalina.home=C:\apache-tomcat-9.0.53
18-Sep-2021 16:03:05.719 INFO [main] org.apache.catalina.startup.VersionLoggerListener.log Command line argument: -Djava.io.tmpdir=C:\apache-tomcat-9.0.53\temp
18-Sep-2021 16:03:06.466 INFO [main] org.apache.catalina.core.AprLifecycleListener.lifecycleEvent Loaded Apache Tomcat Native library [1.2.31] using APR version [1.7.0].
18-Sep-2021 16:03:06.467 INFO [main] org.apache.catalina.core.AprLifecycleListener.lifecycleEvent APR capabilities: IPv6 [true], sendfile [true], accept filters [false], random [true], UDS [true].
18-Sep-2021 16:03:06.467 INFO [main] org.apache.catalina.core.AprLifecycleListener.lifecycleEvent APR/OpenSSL configuration: useAprConnector [false], useOpenSSL [true]
18-Sep-2021 16:03:06.474 INFO [main] org.apache.catalina.core.AprLifecycleListener.initializeSSL OpenSSL successfully initialized [OpenSSL 1.1.1l  24 Aug 2021]
18-Sep-2021 16:03:06.683 INFO [main] org.apache.coyote.AbstractProtocol.init Initializing ProtocolHandler ["http-nio-8080"]
18-Sep-2021 16:03:06.707 INFO [main] org.apache.catalina.startup.Catalina.load Server initialization in [1164] milliseconds
18-Sep-2021 16:03:06.745 INFO [main] org.apache.catalina.core.StandardService.startInternal Starting service [Catalina]
18-Sep-2021 16:03:06.745 INFO [main] org.apache.catalina.core.StandardEngine.startInternal Starting Servlet engine: [Apache Tomcat/9.0.53]
18-Sep-2021 16:03:06.754 INFO [main] org.apache.catalina.startup.HostConfig.deployDirectory Deploying web application directory [C:\apache-tomcat-9.0.53\webapps\docs]
18-Sep-2021 16:03:06.987 INFO [main] org.apache.catalina.startup.HostConfig.deployDirectory Deployment of web application directory [C:\apache-tomcat-9.0.53\webapps\docs] has finished in [232] ms
18-Sep-2021 16:03:06.988 INFO [main] org.apache.catalina.startup.HostConfig.deployDirectory Deploying web application directory [C:\apache-tomcat-9.0.53\webapps\examples]
18-Sep-2021 16:03:07.484 INFO [main] org.apache.catalina.startup.HostConfig.deployDirectory Deployment of web application directory [C:\apache-tomcat-9.0.53\webapps\examples] has finished in [497] ms
18-Sep-2021 16:03:07.485 INFO [main] org.apache.catalina.startup.HostConfig.deployDirectory Deploying web application directory [C:\apache-tomcat-9.0.53\webapps\host-manager]
18-Sep-2021 16:03:07.520 INFO [main] org.apache.catalina.startup.HostConfig.deployDirectory Deployment of web application directory [C:\apache-tomcat-9.0.53\webapps\host-manager] has finished in [34] ms
18-Sep-2021 16:03:07.520 INFO [main] org.apache.catalina.startup.HostConfig.deployDirectory Deploying web application directory [C:\apache-tomcat-9.0.53\webapps\manager]
18-Sep-2021 16:03:07.552 INFO [main] org.apache.catalina.startup.HostConfig.deployDirectory Deployment of web application directory [C:\apache-tomcat-9.0.53\webapps\manager] has finished in [32] ms
18-Sep-2021 16:03:07.552 INFO [main] org.apache.catalina.startup.HostConfig.deployDirectory Deploying web application directory [C:\apache-tomcat-9.0.53\webapps\ROOT]
18-Sep-2021 16:03:07.573 INFO [main] org.apache.catalina.startup.HostConfig.deployDirectory Deployment of web application directory [C:\apache-tomcat-9.0.53\webapps\ROOT] has finished in [20] ms
18-Sep-2021 16:03:07.575 INFO [main] org.apache.coyote.AbstractProtocol.start Starting ProtocolHandler ["http-nio-8080"]
18-Sep-2021 16:03:07.621 INFO [main] org.apache.catalina.startup.Catalina.start Server startup in [913] milliseconds
18-Sep-2021 16:05:37.980 INFO [main] org.apache.catalina.core.StandardServer.await A valid shutdown command was received via the shutdown port. Stopping the Server instance.
18-Sep-2021 16:05:37.981 INFO [main] org.apache.coyote.AbstractProtocol.pause Pausing ProtocolHandler ["http-nio-8080"]
18-Sep-2021 16:05:37.995 INFO [main] org.apache.catalina.core.StandardService.stopInternal Stopping service [Catalina]
18-Sep-2021 16:05:38.009 INFO [main] org.apache.coyote.AbstractProtocol.stop Stopping ProtocolHandler ["http-nio-8080"]
18-Sep-2021 16:05:38.041 INFO [main] org.apache.coyote.AbstractProtocol.destroy Destroying ProtocolHandler ["http-nio-8080"]
18-Sep-2021 16:06:05.203 INFO [main] org.apache.catalina.startup.VersionLoggerListener.log Server version name:   Apache Tomcat/9.0.53
18-Sep-2021 16:06:05.206 INFO [main] org.apache.catalina.startup.VersionLoggerListener.log Server built:          Sep 6 2021 19:09:00 UTC
18-Sep-2021 16:06:05.206 INFO [main] org.apache.catalina.startup.VersionLoggerListener.log Server version number: 9.0.53.0
18-Sep-2021 16:06:05.206 INFO [main] org.apache.catalina.startup.VersionLoggerListener.log OS Name:               Windows 10
18-Sep-2021 16:06:05.206 INFO [main] org.apache.catalina.startup.VersionLoggerListener.log OS Version:            10.0
18-Sep-2021 16:06:05.206 INFO [main] org.apache.catalina.startup.VersionLoggerListener.log Architecture:          amd64
18-Sep-2021 16:06:05.206 INFO [main] org.apache.catalina.startup.VersionLoggerListener.log Java Home:             C:\Program Files\Java\jdk-15.0.2
18-Sep-2021 16:06:05.206 INFO [main] org.apache.catalina.startup.VersionLoggerListener.log JVM Version:           15.0.2+7-27
18-Sep-2021 16:06:05.206 INFO [main] org.apache.catalina.startup.VersionLoggerListener.log JVM Vendor:            Oracle Corporation
18-Sep-2021 16:06:05.206 INFO [main] org.apache.catalina.startup.VersionLoggerListener.log CATALINA_BASE:         C:\apache-tomcat-9.0.53
18-Sep-2021 16:06:05.206 INFO [main] org.apache.catalina.startup.VersionLoggerListener.log CATALINA_HOME:         C:\apache-tomcat-9.0.53
18-Sep-2021 16:06:05.215 INFO [main] org.apache.catalina.startup.VersionLoggerListener.log Command line argument: --add-opens=java.base/java.lang=ALL-UNNAMED
18-Sep-2021 16:06:05.215 INFO [main] org.apache.catalina.startup.VersionLoggerListener.log Command line argument: --add-opens=java.base/java.io=ALL-UNNAMED
18-Sep-2021 16:06:05.216 INFO [main] org.apache.catalina.startup.VersionLoggerListener.log Command line argument: --add-opens=java.base/java.util=ALL-UNNAMED
18-Sep-2021 16:06:05.216 INFO [main] org.apache.catalina.startup.VersionLoggerListener.log Command line argument: --add-opens=java.base/java.util.concurrent=ALL-UNNAMED
18-Sep-2021 16:06:05.216 INFO [main] org.apache.catalina.startup.VersionLoggerListener.log Command line argument: --add-opens=java.rmi/sun.rmi.transport=ALL-UNNAMED
18-Sep-2021 16:06:05.217 INFO [main] org.apache.catalina.startup.VersionLoggerListener.log Command line argument: -Djava.util.logging.config.file=C:\apache-tomcat-9.0.53\conf\logging.properties
18-Sep-2021 16:06:05.217 INFO [main] org.apache.catalina.startup.VersionLoggerListener.log Command line argument: -Djava.util.logging.manager=org.apache.juli.ClassLoaderLogManager
18-Sep-2021 16:06:05.218 INFO [main] org.apache.catalina.startup.VersionLoggerListener.log Command line argument: -Djdk.tls.ephemeralDHKeySize=2048
18-Sep-2021 16:06:05.218 INFO [main] org.apache.catalina.startup.VersionLoggerListener.log Command line argument: -Djava.protocol.handler.pkgs=org.apache.catalina.webresources
18-Sep-2021 16:06:05.218 INFO [main] org.apache.catalina.startup.VersionLoggerListener.log Command line argument: -Dignore.endorsed.dirs=
18-Sep-2021 16:06:05.219 INFO [main] org.apache.catalina.startup.VersionLoggerListener.log Command line argument: -Dcatalina.base=C:\apache-tomcat-9.0.53
18-Sep-2021 16:06:05.219 INFO [main] org.apache.catalina.startup.VersionLoggerListener.log Command line argument: -Dcatalina.home=C:\apache-tomcat-9.0.53
18-Sep-2021 16:06:05.219 INFO [main] org.apache.catalina.startup.VersionLoggerListener.log Command line argument: -Djava.io.tmpdir=C:\apache-tomcat-9.0.53\temp
18-Sep-2021 16:06:05.222 INFO [main] org.apache.catalina.core.AprLifecycleListener.lifecycleEvent Loaded Apache Tomcat Native library [1.2.31] using APR version [1.7.0].
18-Sep-2021 16:06:05.222 INFO [main] org.apache.catalina.core.AprLifecycleListener.lifecycleEvent APR capabilities: IPv6 [true], sendfile [true], accept filters [false], random [true], UDS [true].
18-Sep-2021 16:06:05.222 INFO [main] org.apache.catalina.core.AprLifecycleListener.lifecycleEvent APR/OpenSSL configuration: useAprConnector [false], useOpenSSL [true]
18-Sep-2021 16:06:05.226 INFO [main] org.apache.catalina.core.AprLifecycleListener.initializeSSL OpenSSL successfully initialized [OpenSSL 1.1.1l  24 Aug 2021]
18-Sep-2021 16:06:05.398 INFO [main] org.apache.coyote.AbstractProtocol.init Initializing ProtocolHandler ["http-nio-6000"]
18-Sep-2021 16:06:05.415 INFO [main] org.apache.catalina.startup.Catalina.load Server initialization in [332] milliseconds
18-Sep-2021 16:06:05.442 INFO [main] org.apache.catalina.core.StandardService.startInternal Starting service [Catalina]
18-Sep-2021 16:06:05.442 INFO [main] org.apache.catalina.core.StandardEngine.startInternal Starting Servlet engine: [Apache Tomcat/9.0.53]
18-Sep-2021 16:06:05.450 INFO [main] org.apache.catalina.startup.HostConfig.deployDirectory Deploying web application directory [C:\apache-tomcat-9.0.53\webapps\docs]
18-Sep-2021 16:06:05.635 INFO [main] org.apache.catalina.startup.HostConfig.deployDirectory Deployment of web application directory [C:\apache-tomcat-9.0.53\webapps\docs] has finished in [185] ms
18-Sep-2021 16:06:05.635 INFO [main] org.apache.catalina.startup.HostConfig.deployDirectory Deploying web application directory [C:\apache-tomcat-9.0.53\webapps\examples]
18-Sep-2021 16:06:05.931 INFO [main] org.apache.catalina.startup.HostConfig.deployDirectory Deployment of web application directory [C:\apache-tomcat-9.0.53\webapps\examples] has finished in [296] ms
18-Sep-2021 16:06:05.932 INFO [main] org.apache.catalina.startup.HostConfig.deployDirectory Deploying web application directory [C:\apache-tomcat-9.0.53\webapps\host-manager]
18-Sep-2021 16:06:05.965 INFO [main] org.apache.catalina.startup.HostConfig.deployDirectory Deployment of web application directory [C:\apache-tomcat-9.0.53\webapps\host-manager] has finished in [33] ms
18-Sep-2021 16:06:05.965 INFO [main] org.apache.catalina.startup.HostConfig.deployDirectory Deploying web application directory [C:\apache-tomcat-9.0.53\webapps\manager]
18-Sep-2021 16:06:05.994 INFO [main] org.apache.catalina.startup.HostConfig.deployDirectory Deployment of web application directory [C:\apache-tomcat-9.0.53\webapps\manager] has finished in [29] ms
18-Sep-2021 16:06:05.994 INFO [main] org.apache.catalina.startup.HostConfig.deployDirectory Deploying web application directory [C:\apache-tomcat-9.0.53\webapps\ROOT]
18-Sep-2021 16:06:06.012 INFO [main] org.apache.catalina.startup.HostConfig.deployDirectory Deployment of web application directory [C:\apache-tomcat-9.0.53\webapps\ROOT] has finished in [18] ms
18-Sep-2021 16:06:06.014 INFO [main] org.apache.coyote.AbstractProtocol.start Starting ProtocolHandler ["http-nio-6000"]
18-Sep-2021 16:06:06.059 INFO [main] org.apache.catalina.startup.Catalina.start Server startup in [643] milliseconds
18-Sep-2021 16:06:50.955 INFO [main] org.apache.catalina.core.StandardServer.await A valid shutdown command was received via the shutdown port. Stopping the Server instance.
18-Sep-2021 16:06:50.955 INFO [main] org.apache.coyote.AbstractProtocol.pause Pausing ProtocolHandler ["http-nio-6000"]
18-Sep-2021 16:06:50.967 INFO [main] org.apache.catalina.core.StandardService.stopInternal Stopping service [Catalina]
18-Sep-2021 16:06:50.979 INFO [main] org.apache.coyote.AbstractProtocol.stop Stopping ProtocolHandler ["http-nio-6000"]
18-Sep-2021 16:06:51.018 INFO [main] org.apache.coyote.AbstractProtocol.destroy Destroying ProtocolHandler ["http-nio-6000"]
18-Sep-2021 16:07:26.194 INFO [main] org.apache.catalina.startup.VersionLoggerListener.log Server version name:   Apache Tomcat/9.0.53
18-Sep-2021 16:07:26.196 INFO [main] org.apache.catalina.startup.VersionLoggerListener.log Server built:          Sep 6 2021 19:09:00 UTC
18-Sep-2021 16:07:26.197 INFO [main] org.apache.catalina.startup.VersionLoggerListener.log Server version number: 9.0.53.0
18-Sep-2021 16:07:26.197 INFO [main] org.apache.catalina.startup.VersionLoggerListener.log OS Name:               Windows 10
18-Sep-2021 16:07:26.197 INFO [main] org.apache.catalina.startup.VersionLoggerListener.log OS Version:            10.0
18-Sep-2021 16:07:26.197 INFO [main] org.apache.catalina.startup.VersionLoggerListener.log Architecture:          amd64
18-Sep-2021 16:07:26.197 INFO [main] org.apache.catalina.startup.VersionLoggerListener.log Java Home:             C:\Program Files\Java\jdk-15.0.2
18-Sep-2021 16:07:26.198 INFO [main] org.apache.catalina.startup.VersionLoggerListener.log JVM Version:           15.0.2+7-27
18-Sep-2021 16:07:26.198 INFO [main] org.apache.catalina.startup.VersionLoggerListener.log JVM Vendor:            Oracle Corporation
18-Sep-2021 16:07:26.198 INFO [main] org.apache.catalina.startup.VersionLoggerListener.log CATALINA_BASE:         C:\apache-tomcat-9.0.53
18-Sep-2021 16:07:26.198 INFO [main] org.apache.catalina.startup.VersionLoggerListener.log CATALINA_HOME:         C:\apache-tomcat-9.0.53
18-Sep-2021 16:07:26.206 INFO [main] org.apache.catalina.startup.VersionLoggerListener.log Command line argument: --add-opens=java.base/java.lang=ALL-UNNAMED
18-Sep-2021 16:07:26.206 INFO [main] org.apache.catalina.startup.VersionLoggerListener.log Command line argument: --add-opens=java.base/java.io=ALL-UNNAMED
18-Sep-2021 16:07:26.206 INFO [main] org.apache.catalina.startup.VersionLoggerListener.log Command line argument: --add-opens=java.base/java.util=ALL-UNNAMED
18-Sep-2021 16:07:26.206 INFO [main] org.apache.catalina.startup.VersionLoggerListener.log Command line argument: --add-opens=java.base/java.util.concurrent=ALL-UNNAMED
18-Sep-2021 16:07:26.207 INFO [main] org.apache.catalina.startup.VersionLoggerListener.log Command line argument: --add-opens=java.rmi/sun.rmi.transport=ALL-UNNAMED
18-Sep-2021 16:07:26.207 INFO [main] org.apache.catalina.startup.VersionLoggerListener.log Command line argument: -Djava.util.logging.config.file=C:\apache-tomcat-9.0.53\conf\logging.properties
18-Sep-2021 16:07:26.207 INFO [main] org.apache.catalina.startup.VersionLoggerListener.log Command line argument: -Djava.util.logging.manager=org.apache.juli.ClassLoaderLogManager
18-Sep-2021 16:07:26.208 INFO [main] org.apache.catalina.startup.VersionLoggerListener.log Command line argument: -Djdk.tls.ephemeralDHKeySize=2048
18-Sep-2021 16:07:26.208 INFO [main] org.apache.catalina.startup.VersionLoggerListener.log Command line argument: -Djava.protocol.handler.pkgs=org.apache.catalina.webresources
18-Sep-2021 16:07:26.209 INFO [main] org.apache.catalina.startup.VersionLoggerListener.log Command line argument: -Dignore.endorsed.dirs=
18-Sep-2021 16:07:26.209 INFO [main] org.apache.catalina.startup.VersionLoggerListener.log Command line argument: -Dcatalina.base=C:\apache-tomcat-9.0.53
18-Sep-2021 16:07:26.210 INFO [main] org.apache.catalina.startup.VersionLoggerListener.log Command line argument: -Dcatalina.home=C:\apache-tomcat-9.0.53
18-Sep-2021 16:07:26.210 INFO [main] org.apache.catalina.startup.VersionLoggerListener.log Command line argument: -Djava.io.tmpdir=C:\apache-tomcat-9.0.53\temp
18-Sep-2021 16:07:26.213 INFO [main] org.apache.catalina.core.AprLifecycleListener.lifecycleEvent Loaded Apache Tomcat Native library [1.2.31] using APR version [1.7.0].
18-Sep-2021 16:07:26.213 INFO [main] org.apache.catalina.core.AprLifecycleListener.lifecycleEvent APR capabilities: IPv6 [true], sendfile [true], accept filters [false], random [true], UDS [true].
18-Sep-2021 16:07:26.213 INFO [main] org.apache.catalina.core.AprLifecycleListener.lifecycleEvent APR/OpenSSL configuration: useAprConnector [false], useOpenSSL [true]
18-Sep-2021 16:07:26.216 INFO [main] org.apache.catalina.core.AprLifecycleListener.initializeSSL OpenSSL successfully initialized [OpenSSL 1.1.1l  24 Aug 2021]
18-Sep-2021 16:07:26.386 INFO [main] org.apache.coyote.AbstractProtocol.init Initializing ProtocolHandler ["http-nio-8081"]
18-Sep-2021 16:07:26.403 INFO [main] org.apache.catalina.startup.Catalina.load Server initialization in [326] milliseconds
18-Sep-2021 16:07:26.428 INFO [main] org.apache.catalina.core.StandardService.startInternal Starting service [Catalina]
18-Sep-2021 16:07:26.428 INFO [main] org.apache.catalina.core.StandardEngine.startInternal Starting Servlet engine: [Apache Tomcat/9.0.53]
18-Sep-2021 16:07:26.433 INFO [main] org.apache.catalina.startup.HostConfig.deployDirectory Deploying web application directory [C:\apache-tomcat-9.0.53\webapps\docs]
18-Sep-2021 16:07:26.617 INFO [main] org.apache.catalina.startup.HostConfig.deployDirectory Deployment of web application directory [C:\apache-tomcat-9.0.53\webapps\docs] has finished in [183] ms
18-Sep-2021 16:07:26.617 INFO [main] org.apache.catalina.startup.HostConfig.deployDirectory Deploying web application directory [C:\apache-tomcat-9.0.53\webapps\examples]
18-Sep-2021 16:07:26.913 INFO [main] org.apache.catalina.startup.HostConfig.deployDirectory Deployment of web application directory [C:\apache-tomcat-9.0.53\webapps\examples] has finished in [296] ms
18-Sep-2021 16:07:26.914 INFO [main] org.apache.catalina.startup.HostConfig.deployDirectory Deploying web application directory [C:\apache-tomcat-9.0.53\webapps\host-manager]
18-Sep-2021 16:07:26.941 INFO [main] org.apache.catalina.startup.HostConfig.deployDirectory Deployment of web application directory [C:\apache-tomcat-9.0.53\webapps\host-manager] has finished in [27] ms
18-Sep-2021 16:07:26.941 INFO [main] org.apache.catalina.startup.HostConfig.deployDirectory Deploying web application directory [C:\apache-tomcat-9.0.53\webapps\manager]
18-Sep-2021 16:07:26.971 INFO [main] org.apache.catalina.startup.HostConfig.deployDirectory Deployment of web application directory [C:\apache-tomcat-9.0.53\webapps\manager] has finished in [30] ms
18-Sep-2021 16:07:26.971 INFO [main] org.apache.catalina.startup.HostConfig.deployDirectory Deploying web application directory [C:\apache-tomcat-9.0.53\webapps\ROOT]
18-Sep-2021 16:07:26.989 INFO [main] org.apache.catalina.startup.HostConfig.deployDirectory Deployment of web application directory [C:\apache-tomcat-9.0.53\webapps\ROOT] has finished in [18] ms
18-Sep-2021 16:07:26.992 INFO [main] org.apache.coyote.AbstractProtocol.start Starting ProtocolHandler ["http-nio-8081"]
18-Sep-2021 16:07:27.036 INFO [main] org.apache.catalina.startup.Catalina.start Server startup in [633] milliseconds
18-Sep-2021 16:39:29.621 INFO [Catalina-utility-2] org.apache.catalina.startup.HostConfig.deployDirectory Deploying web application directory [C:\apache-tomcat-9.0.53\webapps\New folder]
18-Sep-2021 16:39:29.643 INFO [Catalina-utility-2] org.apache.catalina.startup.HostConfig.deployDirectory Deployment of web application directory [C:\apache-tomcat-9.0.53\webapps\New folder] has finished in [21] ms
18-Sep-2021 16:39:40.161 INFO [Catalina-utility-2] org.apache.catalina.startup.HostConfig.undeploy Undeploying context [/New folder]
18-Sep-2021 16:39:40.173 INFO [Catalina-utility-2] org.apache.catalina.startup.HostConfig.deployDirectory Deploying web application directory [C:\apache-tomcat-9.0.53\webapps\Lab2_application]
18-Sep-2021 16:39:40.189 INFO [Catalina-utility-2] org.apache.catalina.startup.HostConfig.deployDirectory Deployment of web application directory [C:\apache-tomcat-9.0.53\webapps\Lab2_application] has finished in [16] ms
