20-Sep-2021 09:18:04.385 INFO [main] org.apache.catalina.startup.VersionLoggerListener.log Server version name:   Apache Tomcat/9.0.53
20-Sep-2021 09:18:04.388 INFO [main] org.apache.catalina.startup.VersionLoggerListener.log Server built:          Sep 6 2021 19:09:00 UTC
20-Sep-2021 09:18:04.389 INFO [main] org.apache.catalina.startup.VersionLoggerListener.log Server version number: 9.0.53.0
20-Sep-2021 09:18:04.389 INFO [main] org.apache.catalina.startup.VersionLoggerListener.log OS Name:               Windows 10
20-Sep-2021 09:18:04.390 INFO [main] org.apache.catalina.startup.VersionLoggerListener.log OS Version:            10.0
20-Sep-2021 09:18:04.390 INFO [main] org.apache.catalina.startup.VersionLoggerListener.log Architecture:          amd64
20-Sep-2021 09:18:04.390 INFO [main] org.apache.catalina.startup.VersionLoggerListener.log Java Home:             C:\Program Files\Java\jdk-17
20-Sep-2021 09:18:04.390 INFO [main] org.apache.catalina.startup.VersionLoggerListener.log JVM Version:           17+35-LTS-2724
20-Sep-2021 09:18:04.391 INFO [main] org.apache.catalina.startup.VersionLoggerListener.log JVM Vendor:            Oracle Corporation
20-Sep-2021 09:18:04.391 INFO [main] org.apache.catalina.startup.VersionLoggerListener.log CATALINA_BASE:         C:\apache-tomcat-9.0.53
20-Sep-2021 09:18:04.391 INFO [main] org.apache.catalina.startup.VersionLoggerListener.log CATALINA_HOME:         C:\apache-tomcat-9.0.53
20-Sep-2021 09:18:04.402 INFO [main] org.apache.catalina.startup.VersionLoggerListener.log Command line argument: --add-opens=java.base/java.lang=ALL-UNNAMED
20-Sep-2021 09:18:04.402 INFO [main] org.apache.catalina.startup.VersionLoggerListener.log Command line argument: --add-opens=java.base/java.io=ALL-UNNAMED
20-Sep-2021 09:18:04.403 INFO [main] org.apache.catalina.startup.VersionLoggerListener.log Command line argument: --add-opens=java.base/java.util=ALL-UNNAMED
20-Sep-2021 09:18:04.403 INFO [main] org.apache.catalina.startup.VersionLoggerListener.log Command line argument: --add-opens=java.base/java.util.concurrent=ALL-UNNAMED
20-Sep-2021 09:18:04.403 INFO [main] org.apache.catalina.startup.VersionLoggerListener.log Command line argument: --add-opens=java.rmi/sun.rmi.transport=ALL-UNNAMED
20-Sep-2021 09:18:04.404 INFO [main] org.apache.catalina.startup.VersionLoggerListener.log Command line argument: -Djava.util.logging.config.file=C:\apache-tomcat-9.0.53\conf\logging.properties
20-Sep-2021 09:18:04.404 INFO [main] org.apache.catalina.startup.VersionLoggerListener.log Command line argument: -Djava.util.logging.manager=org.apache.juli.ClassLoaderLogManager
20-Sep-2021 09:18:04.405 INFO [main] org.apache.catalina.startup.VersionLoggerListener.log Command line argument: -Djdk.tls.ephemeralDHKeySize=2048
20-Sep-2021 09:18:04.406 INFO [main] org.apache.catalina.startup.VersionLoggerListener.log Command line argument: -Djava.protocol.handler.pkgs=org.apache.catalina.webresources
20-Sep-2021 09:18:04.407 INFO [main] org.apache.catalina.startup.VersionLoggerListener.log Command line argument: -Dignore.endorsed.dirs=
20-Sep-2021 09:18:04.407 INFO [main] org.apache.catalina.startup.VersionLoggerListener.log Command line argument: -Dcatalina.base=C:\apache-tomcat-9.0.53
20-Sep-2021 09:18:04.409 INFO [main] org.apache.catalina.startup.VersionLoggerListener.log Command line argument: -Dcatalina.home=C:\apache-tomcat-9.0.53
20-Sep-2021 09:18:04.409 INFO [main] org.apache.catalina.startup.VersionLoggerListener.log Command line argument: -Djava.io.tmpdir=C:\apache-tomcat-9.0.53\temp
20-Sep-2021 09:18:04.425 INFO [main] org.apache.catalina.core.AprLifecycleListener.lifecycleEvent Loaded Apache Tomcat Native library [1.2.31] using APR version [1.7.0].
20-Sep-2021 09:18:04.425 INFO [main] org.apache.catalina.core.AprLifecycleListener.lifecycleEvent APR capabilities: IPv6 [true], sendfile [true], accept filters [false], random [true], UDS [true].
20-Sep-2021 09:18:04.425 INFO [main] org.apache.catalina.core.AprLifecycleListener.lifecycleEvent APR/OpenSSL configuration: useAprConnector [false], useOpenSSL [true]
20-Sep-2021 09:18:04.431 INFO [main] org.apache.catalina.core.AprLifecycleListener.initializeSSL OpenSSL successfully initialized [OpenSSL 1.1.1l  24 Aug 2021]
20-Sep-2021 09:18:04.718 INFO [main] org.apache.coyote.AbstractProtocol.init Initializing ProtocolHandler ["http-nio-8081"]
20-Sep-2021 09:18:04.750 INFO [main] org.apache.catalina.startup.Catalina.load Server initialization in [543] milliseconds
20-Sep-2021 09:18:04.810 INFO [main] org.apache.catalina.core.StandardService.startInternal Starting service [Catalina]
20-Sep-2021 09:18:04.811 INFO [main] org.apache.catalina.core.StandardEngine.startInternal Starting Servlet engine: [Apache Tomcat/9.0.53]
20-Sep-2021 09:18:04.827 INFO [main] org.apache.catalina.startup.HostConfig.deployDirectory Deploying web application directory [C:\apache-tomcat-9.0.53\webapps\docs]
20-Sep-2021 09:18:05.234 INFO [main] org.apache.catalina.startup.HostConfig.deployDirectory Deployment of web application directory [C:\apache-tomcat-9.0.53\webapps\docs] has finished in [405] ms
20-Sep-2021 09:18:05.236 INFO [main] org.apache.catalina.startup.HostConfig.deployDirectory Deploying web application directory [C:\apache-tomcat-9.0.53\webapps\examples]
20-Sep-2021 09:18:05.939 INFO [main] org.apache.catalina.startup.HostConfig.deployDirectory Deployment of web application directory [C:\apache-tomcat-9.0.53\webapps\examples] has finished in [704] ms
20-Sep-2021 09:18:05.941 INFO [main] org.apache.catalina.startup.HostConfig.deployDirectory Deploying web application directory [C:\apache-tomcat-9.0.53\webapps\host-manager]
20-Sep-2021 09:18:06.002 INFO [main] org.apache.catalina.startup.HostConfig.deployDirectory Deployment of web application directory [C:\apache-tomcat-9.0.53\webapps\host-manager] has finished in [60] ms
20-Sep-2021 09:18:06.003 INFO [main] org.apache.catalina.startup.HostConfig.deployDirectory Deploying web application directory [C:\apache-tomcat-9.0.53\webapps\Lab2_application]
20-Sep-2021 09:18:06.041 INFO [main] org.apache.catalina.startup.HostConfig.deployDirectory Deployment of web application directory [C:\apache-tomcat-9.0.53\webapps\Lab2_application] has finished in [38] ms
20-Sep-2021 09:18:06.042 INFO [main] org.apache.catalina.startup.HostConfig.deployDirectory Deploying web application directory [C:\apache-tomcat-9.0.53\webapps\manager]
20-Sep-2021 09:18:06.090 INFO [main] org.apache.catalina.startup.HostConfig.deployDirectory Deployment of web application directory [C:\apache-tomcat-9.0.53\webapps\manager] has finished in [47] ms
20-Sep-2021 09:18:06.091 INFO [main] org.apache.catalina.startup.HostConfig.deployDirectory Deploying web application directory [C:\apache-tomcat-9.0.53\webapps\ROOT]
20-Sep-2021 09:18:06.123 INFO [main] org.apache.catalina.startup.HostConfig.deployDirectory Deployment of web application directory [C:\apache-tomcat-9.0.53\webapps\ROOT] has finished in [32] ms
20-Sep-2021 09:18:06.130 INFO [main] org.apache.coyote.AbstractProtocol.start Starting ProtocolHandler ["http-nio-8081"]
20-Sep-2021 09:18:06.251 INFO [main] org.apache.catalina.startup.Catalina.start Server startup in [1499] milliseconds
20-Sep-2021 09:24:07.856 INFO [main] org.apache.catalina.core.StandardServer.await A valid shutdown command was received via the shutdown port. Stopping the Server instance.
20-Sep-2021 09:24:07.857 INFO [main] org.apache.coyote.AbstractProtocol.pause Pausing ProtocolHandler ["http-nio-8081"]
20-Sep-2021 09:24:07.874 INFO [main] org.apache.catalina.core.StandardService.stopInternal Stopping service [Catalina]
20-Sep-2021 09:24:07.897 INFO [main] org.apache.coyote.AbstractProtocol.stop Stopping ProtocolHandler ["http-nio-8081"]
20-Sep-2021 09:24:07.922 INFO [main] org.apache.coyote.AbstractProtocol.destroy Destroying ProtocolHandler ["http-nio-8081"]
20-Sep-2021 17:44:49.900 INFO [main] org.apache.catalina.startup.VersionLoggerListener.log Server version name:   Apache Tomcat/9.0.53
20-Sep-2021 17:44:49.903 INFO [main] org.apache.catalina.startup.VersionLoggerListener.log Server built:          Sep 6 2021 19:09:00 UTC
20-Sep-2021 17:44:49.903 INFO [main] org.apache.catalina.startup.VersionLoggerListener.log Server version number: 9.0.53.0
20-Sep-2021 17:44:49.903 INFO [main] org.apache.catalina.startup.VersionLoggerListener.log OS Name:               Windows 10
20-Sep-2021 17:44:49.903 INFO [main] org.apache.catalina.startup.VersionLoggerListener.log OS Version:            10.0
20-Sep-2021 17:44:49.903 INFO [main] org.apache.catalina.startup.VersionLoggerListener.log Architecture:          amd64
20-Sep-2021 17:44:49.903 INFO [main] org.apache.catalina.startup.VersionLoggerListener.log Java Home:             C:\Program Files\Java\jdk-17
20-Sep-2021 17:44:49.904 INFO [main] org.apache.catalina.startup.VersionLoggerListener.log JVM Version:           17+35-LTS-2724
20-Sep-2021 17:44:49.904 INFO [main] org.apache.catalina.startup.VersionLoggerListener.log JVM Vendor:            Oracle Corporation
20-Sep-2021 17:44:49.904 INFO [main] org.apache.catalina.startup.VersionLoggerListener.log CATALINA_BASE:         C:\apache-tomcat-9.0.53
20-Sep-2021 17:44:49.904 INFO [main] org.apache.catalina.startup.VersionLoggerListener.log CATALINA_HOME:         C:\apache-tomcat-9.0.53
20-Sep-2021 17:44:49.917 INFO [main] org.apache.catalina.startup.VersionLoggerListener.log Command line argument: --add-opens=java.base/java.lang=ALL-UNNAMED
20-Sep-2021 17:44:49.917 INFO [main] org.apache.catalina.startup.VersionLoggerListener.log Command line argument: --add-opens=java.base/java.io=ALL-UNNAMED
20-Sep-2021 17:44:49.917 INFO [main] org.apache.catalina.startup.VersionLoggerListener.log Command line argument: --add-opens=java.base/java.util=ALL-UNNAMED
20-Sep-2021 17:44:49.917 INFO [main] org.apache.catalina.startup.VersionLoggerListener.log Command line argument: --add-opens=java.base/java.util.concurrent=ALL-UNNAMED
20-Sep-2021 17:44:49.917 INFO [main] org.apache.catalina.startup.VersionLoggerListener.log Command line argument: --add-opens=java.rmi/sun.rmi.transport=ALL-UNNAMED
20-Sep-2021 17:44:49.917 INFO [main] org.apache.catalina.startup.VersionLoggerListener.log Command line argument: -Djava.util.logging.config.file=C:\apache-tomcat-9.0.53\conf\logging.properties
20-Sep-2021 17:44:49.918 INFO [main] org.apache.catalina.startup.VersionLoggerListener.log Command line argument: -Djava.util.logging.manager=org.apache.juli.ClassLoaderLogManager
20-Sep-2021 17:44:49.918 INFO [main] org.apache.catalina.startup.VersionLoggerListener.log Command line argument: -Djdk.tls.ephemeralDHKeySize=2048
20-Sep-2021 17:44:49.918 INFO [main] org.apache.catalina.startup.VersionLoggerListener.log Command line argument: -Djava.protocol.handler.pkgs=org.apache.catalina.webresources
20-Sep-2021 17:44:49.919 INFO [main] org.apache.catalina.startup.VersionLoggerListener.log Command line argument: -Dignore.endorsed.dirs=
20-Sep-2021 17:44:49.919 INFO [main] org.apache.catalina.startup.VersionLoggerListener.log Command line argument: -Dcatalina.base=C:\apache-tomcat-9.0.53
20-Sep-2021 17:44:49.919 INFO [main] org.apache.catalina.startup.VersionLoggerListener.log Command line argument: -Dcatalina.home=C:\apache-tomcat-9.0.53
20-Sep-2021 17:44:49.919 INFO [main] org.apache.catalina.startup.VersionLoggerListener.log Command line argument: -Djava.io.tmpdir=C:\apache-tomcat-9.0.53\temp
20-Sep-2021 17:44:49.932 INFO [main] org.apache.catalina.core.AprLifecycleListener.lifecycleEvent Loaded Apache Tomcat Native library [1.2.31] using APR version [1.7.0].
20-Sep-2021 17:44:49.933 INFO [main] org.apache.catalina.core.AprLifecycleListener.lifecycleEvent APR capabilities: IPv6 [true], sendfile [true], accept filters [false], random [true], UDS [true].
20-Sep-2021 17:44:49.933 INFO [main] org.apache.catalina.core.AprLifecycleListener.lifecycleEvent APR/OpenSSL configuration: useAprConnector [false], useOpenSSL [true]
20-Sep-2021 17:44:49.937 INFO [main] org.apache.catalina.core.AprLifecycleListener.initializeSSL OpenSSL successfully initialized [OpenSSL 1.1.1l  24 Aug 2021]
20-Sep-2021 17:44:50.137 INFO [main] org.apache.coyote.AbstractProtocol.init Initializing ProtocolHandler ["http-nio-8081"]
20-Sep-2021 17:44:50.156 INFO [main] org.apache.catalina.startup.Catalina.load Server initialization in [392] milliseconds
20-Sep-2021 17:44:50.187 INFO [main] org.apache.catalina.core.StandardService.startInternal Starting service [Catalina]
20-Sep-2021 17:44:50.187 INFO [main] org.apache.catalina.core.StandardEngine.startInternal Starting Servlet engine: [Apache Tomcat/9.0.53]
20-Sep-2021 17:44:50.194 INFO [main] org.apache.catalina.startup.HostConfig.deployDirectory Deploying web application directory [C:\apache-tomcat-9.0.53\webapps\docs]
20-Sep-2021 17:44:50.408 INFO [main] org.apache.catalina.startup.HostConfig.deployDirectory Deployment of web application directory [C:\apache-tomcat-9.0.53\webapps\docs] has finished in [214] ms
20-Sep-2021 17:44:50.409 INFO [main] org.apache.catalina.startup.HostConfig.deployDirectory Deploying web application directory [C:\apache-tomcat-9.0.53\webapps\examples]
20-Sep-2021 17:44:50.859 INFO [main] org.apache.catalina.startup.HostConfig.deployDirectory Deployment of web application directory [C:\apache-tomcat-9.0.53\webapps\examples] has finished in [450] ms
20-Sep-2021 17:44:50.860 INFO [main] org.apache.catalina.startup.HostConfig.deployDirectory Deploying web application directory [C:\apache-tomcat-9.0.53\webapps\host-manager]
20-Sep-2021 17:44:50.894 INFO [main] org.apache.catalina.startup.HostConfig.deployDirectory Deployment of web application directory [C:\apache-tomcat-9.0.53\webapps\host-manager] has finished in [34] ms
20-Sep-2021 17:44:50.894 INFO [main] org.apache.catalina.startup.HostConfig.deployDirectory Deploying web application directory [C:\apache-tomcat-9.0.53\webapps\Lab2_application]
20-Sep-2021 17:44:50.920 INFO [main] org.apache.catalina.startup.HostConfig.deployDirectory Deployment of web application directory [C:\apache-tomcat-9.0.53\webapps\Lab2_application] has finished in [26] ms
20-Sep-2021 17:44:50.920 INFO [main] org.apache.catalina.startup.HostConfig.deployDirectory Deploying web application directory [C:\apache-tomcat-9.0.53\webapps\manager]
20-Sep-2021 17:44:50.948 INFO [main] org.apache.catalina.startup.HostConfig.deployDirectory Deployment of web application directory [C:\apache-tomcat-9.0.53\webapps\manager] has finished in [28] ms
20-Sep-2021 17:44:50.948 INFO [main] org.apache.catalina.startup.HostConfig.deployDirectory Deploying web application directory [C:\apache-tomcat-9.0.53\webapps\ROOT]
20-Sep-2021 17:44:50.964 INFO [main] org.apache.catalina.startup.HostConfig.deployDirectory Deployment of web application directory [C:\apache-tomcat-9.0.53\webapps\ROOT] has finished in [16] ms
20-Sep-2021 17:44:50.966 INFO [main] org.apache.coyote.AbstractProtocol.start Starting ProtocolHandler ["http-nio-8081"]
20-Sep-2021 17:44:51.034 INFO [main] org.apache.catalina.startup.Catalina.start Server startup in [877] milliseconds
20-Sep-2021 17:59:11.464 INFO [main] org.apache.catalina.core.StandardServer.await A valid shutdown command was received via the shutdown port. Stopping the Server instance.
20-Sep-2021 17:59:11.465 INFO [main] org.apache.coyote.AbstractProtocol.pause Pausing ProtocolHandler ["http-nio-8081"]
20-Sep-2021 17:59:11.478 INFO [main] org.apache.catalina.core.StandardService.stopInternal Stopping service [Catalina]
20-Sep-2021 17:59:11.505 INFO [main] org.apache.coyote.AbstractProtocol.stop Stopping ProtocolHandler ["http-nio-8081"]
20-Sep-2021 17:59:11.524 INFO [main] org.apache.coyote.AbstractProtocol.destroy Destroying ProtocolHandler ["http-nio-8081"]
20-Sep-2021 17:59:14.658 INFO [main] org.apache.catalina.startup.VersionLoggerListener.log Server version name:   Apache Tomcat/9.0.53
20-Sep-2021 17:59:14.661 INFO [main] org.apache.catalina.startup.VersionLoggerListener.log Server built:          Sep 6 2021 19:09:00 UTC
20-Sep-2021 17:59:14.661 INFO [main] org.apache.catalina.startup.VersionLoggerListener.log Server version number: 9.0.53.0
20-Sep-2021 17:59:14.661 INFO [main] org.apache.catalina.startup.VersionLoggerListener.log OS Name:               Windows 10
20-Sep-2021 17:59:14.662 INFO [main] org.apache.catalina.startup.VersionLoggerListener.log OS Version:            10.0
20-Sep-2021 17:59:14.662 INFO [main] org.apache.catalina.startup.VersionLoggerListener.log Architecture:          amd64
20-Sep-2021 17:59:14.662 INFO [main] org.apache.catalina.startup.VersionLoggerListener.log Java Home:             C:\Program Files\Java\jdk-17
20-Sep-2021 17:59:14.662 INFO [main] org.apache.catalina.startup.VersionLoggerListener.log JVM Version:           17+35-LTS-2724
20-Sep-2021 17:59:14.662 INFO [main] org.apache.catalina.startup.VersionLoggerListener.log JVM Vendor:            Oracle Corporation
20-Sep-2021 17:59:14.663 INFO [main] org.apache.catalina.startup.VersionLoggerListener.log CATALINA_BASE:         C:\apache-tomcat-9.0.53
20-Sep-2021 17:59:14.663 INFO [main] org.apache.catalina.startup.VersionLoggerListener.log CATALINA_HOME:         C:\apache-tomcat-9.0.53
20-Sep-2021 17:59:14.670 INFO [main] org.apache.catalina.startup.VersionLoggerListener.log Command line argument: --add-opens=java.base/java.lang=ALL-UNNAMED
20-Sep-2021 17:59:14.670 INFO [main] org.apache.catalina.startup.VersionLoggerListener.log Command line argument: --add-opens=java.base/java.io=ALL-UNNAMED
20-Sep-2021 17:59:14.671 INFO [main] org.apache.catalina.startup.VersionLoggerListener.log Command line argument: --add-opens=java.base/java.util=ALL-UNNAMED
20-Sep-2021 17:59:14.671 INFO [main] org.apache.catalina.startup.VersionLoggerListener.log Command line argument: --add-opens=java.base/java.util.concurrent=ALL-UNNAMED
20-Sep-2021 17:59:14.671 INFO [main] org.apache.catalina.startup.VersionLoggerListener.log Command line argument: --add-opens=java.rmi/sun.rmi.transport=ALL-UNNAMED
20-Sep-2021 17:59:14.671 INFO [main] org.apache.catalina.startup.VersionLoggerListener.log Command line argument: -Djava.util.logging.config.file=C:\apache-tomcat-9.0.53\conf\logging.properties
20-Sep-2021 17:59:14.672 INFO [main] org.apache.catalina.startup.VersionLoggerListener.log Command line argument: -Djava.util.logging.manager=org.apache.juli.ClassLoaderLogManager
20-Sep-2021 17:59:14.673 INFO [main] org.apache.catalina.startup.VersionLoggerListener.log Command line argument: -Djdk.tls.ephemeralDHKeySize=2048
20-Sep-2021 17:59:14.673 INFO [main] org.apache.catalina.startup.VersionLoggerListener.log Command line argument: -Djava.protocol.handler.pkgs=org.apache.catalina.webresources
20-Sep-2021 17:59:14.673 INFO [main] org.apache.catalina.startup.VersionLoggerListener.log Command line argument: -Dignore.endorsed.dirs=
20-Sep-2021 17:59:14.675 INFO [main] org.apache.catalina.startup.VersionLoggerListener.log Command line argument: -Dcatalina.base=C:\apache-tomcat-9.0.53
20-Sep-2021 17:59:14.675 INFO [main] org.apache.catalina.startup.VersionLoggerListener.log Command line argument: -Dcatalina.home=C:\apache-tomcat-9.0.53
20-Sep-2021 17:59:14.676 INFO [main] org.apache.catalina.startup.VersionLoggerListener.log Command line argument: -Djava.io.tmpdir=C:\apache-tomcat-9.0.53\temp
20-Sep-2021 17:59:14.678 INFO [main] org.apache.catalina.core.AprLifecycleListener.lifecycleEvent Loaded Apache Tomcat Native library [1.2.31] using APR version [1.7.0].
20-Sep-2021 17:59:14.678 INFO [main] org.apache.catalina.core.AprLifecycleListener.lifecycleEvent APR capabilities: IPv6 [true], sendfile [true], accept filters [false], random [true], UDS [true].
20-Sep-2021 17:59:14.678 INFO [main] org.apache.catalina.core.AprLifecycleListener.lifecycleEvent APR/OpenSSL configuration: useAprConnector [false], useOpenSSL [true]
20-Sep-2021 17:59:14.682 INFO [main] org.apache.catalina.core.AprLifecycleListener.initializeSSL OpenSSL successfully initialized [OpenSSL 1.1.1l  24 Aug 2021]
20-Sep-2021 17:59:14.860 INFO [main] org.apache.coyote.AbstractProtocol.init Initializing ProtocolHandler ["http-nio-8081"]
20-Sep-2021 17:59:14.876 INFO [main] org.apache.catalina.startup.Catalina.load Server initialization in [337] milliseconds
20-Sep-2021 17:59:14.909 INFO [main] org.apache.catalina.core.StandardService.startInternal Starting service [Catalina]
20-Sep-2021 17:59:14.909 INFO [main] org.apache.catalina.core.StandardEngine.startInternal Starting Servlet engine: [Apache Tomcat/9.0.53]
20-Sep-2021 17:59:14.917 INFO [main] org.apache.catalina.startup.HostConfig.deployDirectory Deploying web application directory [C:\apache-tomcat-9.0.53\webapps\docs]
20-Sep-2021 17:59:15.107 INFO [main] org.apache.catalina.startup.HostConfig.deployDirectory Deployment of web application directory [C:\apache-tomcat-9.0.53\webapps\docs] has finished in [189] ms
20-Sep-2021 17:59:15.108 INFO [main] org.apache.catalina.startup.HostConfig.deployDirectory Deploying web application directory [C:\apache-tomcat-9.0.53\webapps\examples]
20-Sep-2021 17:59:15.400 INFO [main] org.apache.catalina.startup.HostConfig.deployDirectory Deployment of web application directory [C:\apache-tomcat-9.0.53\webapps\examples] has finished in [292] ms
20-Sep-2021 17:59:15.400 INFO [main] org.apache.catalina.startup.HostConfig.deployDirectory Deploying web application directory [C:\apache-tomcat-9.0.53\webapps\host-manager]
20-Sep-2021 17:59:15.431 INFO [main] org.apache.catalina.startup.HostConfig.deployDirectory Deployment of web application directory [C:\apache-tomcat-9.0.53\webapps\host-manager] has finished in [31] ms
20-Sep-2021 17:59:15.431 INFO [main] org.apache.catalina.startup.HostConfig.deployDirectory Deploying web application directory [C:\apache-tomcat-9.0.53\webapps\Lab2_application]
20-Sep-2021 17:59:15.457 INFO [main] org.apache.catalina.startup.HostConfig.deployDirectory Deployment of web application directory [C:\apache-tomcat-9.0.53\webapps\Lab2_application] has finished in [26] ms
20-Sep-2021 17:59:15.458 INFO [main] org.apache.catalina.startup.HostConfig.deployDirectory Deploying web application directory [C:\apache-tomcat-9.0.53\webapps\manager]
20-Sep-2021 17:59:15.486 INFO [main] org.apache.catalina.startup.HostConfig.deployDirectory Deployment of web application directory [C:\apache-tomcat-9.0.53\webapps\manager] has finished in [28] ms
20-Sep-2021 17:59:15.487 INFO [main] org.apache.catalina.startup.HostConfig.deployDirectory Deploying web application directory [C:\apache-tomcat-9.0.53\webapps\ROOT]
20-Sep-2021 17:59:15.506 INFO [main] org.apache.catalina.startup.HostConfig.deployDirectory Deployment of web application directory [C:\apache-tomcat-9.0.53\webapps\ROOT] has finished in [19] ms
20-Sep-2021 17:59:15.509 INFO [main] org.apache.coyote.AbstractProtocol.start Starting ProtocolHandler ["http-nio-8081"]
20-Sep-2021 17:59:15.573 INFO [main] org.apache.catalina.startup.Catalina.start Server startup in [696] milliseconds
20-Sep-2021 18:10:40.200 INFO [main] org.apache.catalina.core.StandardServer.await A valid shutdown command was received via the shutdown port. Stopping the Server instance.
20-Sep-2021 18:10:40.201 INFO [main] org.apache.coyote.AbstractProtocol.pause Pausing ProtocolHandler ["http-nio-8081"]
20-Sep-2021 18:10:40.214 INFO [main] org.apache.catalina.core.StandardService.stopInternal Stopping service [Catalina]
20-Sep-2021 18:10:40.230 INFO [main] org.apache.coyote.AbstractProtocol.stop Stopping ProtocolHandler ["http-nio-8081"]
20-Sep-2021 18:10:40.259 INFO [main] org.apache.coyote.AbstractProtocol.destroy Destroying ProtocolHandler ["http-nio-8081"]
20-Sep-2021 18:11:32.355 INFO [main] org.apache.catalina.startup.VersionLoggerListener.log Server version name:   Apache Tomcat/9.0.53
20-Sep-2021 18:11:32.358 INFO [main] org.apache.catalina.startup.VersionLoggerListener.log Server built:          Sep 6 2021 19:09:00 UTC
20-Sep-2021 18:11:32.359 INFO [main] org.apache.catalina.startup.VersionLoggerListener.log Server version number: 9.0.53.0
20-Sep-2021 18:11:32.359 INFO [main] org.apache.catalina.startup.VersionLoggerListener.log OS Name:               Windows 10
20-Sep-2021 18:11:32.359 INFO [main] org.apache.catalina.startup.VersionLoggerListener.log OS Version:            10.0
20-Sep-2021 18:11:32.359 INFO [main] org.apache.catalina.startup.VersionLoggerListener.log Architecture:          amd64
20-Sep-2021 18:11:32.359 INFO [main] org.apache.catalina.startup.VersionLoggerListener.log Java Home:             C:\Program Files\Java\jdk-17
20-Sep-2021 18:11:32.360 INFO [main] org.apache.catalina.startup.VersionLoggerListener.log JVM Version:           17+35-LTS-2724
20-Sep-2021 18:11:32.360 INFO [main] org.apache.catalina.startup.VersionLoggerListener.log JVM Vendor:            Oracle Corporation
20-Sep-2021 18:11:32.360 INFO [main] org.apache.catalina.startup.VersionLoggerListener.log CATALINA_BASE:         C:\apache-tomcat-9.0.53
20-Sep-2021 18:11:32.360 INFO [main] org.apache.catalina.startup.VersionLoggerListener.log CATALINA_HOME:         C:\apache-tomcat-9.0.53
20-Sep-2021 18:11:32.369 INFO [main] org.apache.catalina.startup.VersionLoggerListener.log Command line argument: --add-opens=java.base/java.lang=ALL-UNNAMED
20-Sep-2021 18:11:32.369 INFO [main] org.apache.catalina.startup.VersionLoggerListener.log Command line argument: --add-opens=java.base/java.io=ALL-UNNAMED
20-Sep-2021 18:11:32.369 INFO [main] org.apache.catalina.startup.VersionLoggerListener.log Command line argument: --add-opens=java.base/java.util=ALL-UNNAMED
20-Sep-2021 18:11:32.370 INFO [main] org.apache.catalina.startup.VersionLoggerListener.log Command line argument: --add-opens=java.base/java.util.concurrent=ALL-UNNAMED
20-Sep-2021 18:11:32.370 INFO [main] org.apache.catalina.startup.VersionLoggerListener.log Command line argument: --add-opens=java.rmi/sun.rmi.transport=ALL-UNNAMED
20-Sep-2021 18:11:32.370 INFO [main] org.apache.catalina.startup.VersionLoggerListener.log Command line argument: -Djava.util.logging.config.file=C:\apache-tomcat-9.0.53\conf\logging.properties
20-Sep-2021 18:11:32.371 INFO [main] org.apache.catalina.startup.VersionLoggerListener.log Command line argument: -Djava.util.logging.manager=org.apache.juli.ClassLoaderLogManager
20-Sep-2021 18:11:32.371 INFO [main] org.apache.catalina.startup.VersionLoggerListener.log Command line argument: -Djdk.tls.ephemeralDHKeySize=2048
20-Sep-2021 18:11:32.371 INFO [main] org.apache.catalina.startup.VersionLoggerListener.log Command line argument: -Djava.protocol.handler.pkgs=org.apache.catalina.webresources
20-Sep-2021 18:11:32.371 INFO [main] org.apache.catalina.startup.VersionLoggerListener.log Command line argument: -Dignore.endorsed.dirs=
20-Sep-2021 18:11:32.372 INFO [main] org.apache.catalina.startup.VersionLoggerListener.log Command line argument: -Dcatalina.base=C:\apache-tomcat-9.0.53
20-Sep-2021 18:11:32.372 INFO [main] org.apache.catalina.startup.VersionLoggerListener.log Command line argument: -Dcatalina.home=C:\apache-tomcat-9.0.53
20-Sep-2021 18:11:32.372 INFO [main] org.apache.catalina.startup.VersionLoggerListener.log Command line argument: -Djava.io.tmpdir=C:\apache-tomcat-9.0.53\temp
20-Sep-2021 18:11:32.375 INFO [main] org.apache.catalina.core.AprLifecycleListener.lifecycleEvent Loaded Apache Tomcat Native library [1.2.31] using APR version [1.7.0].
20-Sep-2021 18:11:32.375 INFO [main] org.apache.catalina.core.AprLifecycleListener.lifecycleEvent APR capabilities: IPv6 [true], sendfile [true], accept filters [false], random [true], UDS [true].
20-Sep-2021 18:11:32.376 INFO [main] org.apache.catalina.core.AprLifecycleListener.lifecycleEvent APR/OpenSSL configuration: useAprConnector [false], useOpenSSL [true]
20-Sep-2021 18:11:32.380 INFO [main] org.apache.catalina.core.AprLifecycleListener.initializeSSL OpenSSL successfully initialized [OpenSSL 1.1.1l  24 Aug 2021]
20-Sep-2021 18:11:32.592 INFO [main] org.apache.coyote.AbstractProtocol.init Initializing ProtocolHandler ["http-nio-8081"]
20-Sep-2021 18:11:32.612 INFO [main] org.apache.catalina.startup.Catalina.load Server initialization in [408] milliseconds
20-Sep-2021 18:11:32.647 INFO [main] org.apache.catalina.core.StandardService.startInternal Starting service [Catalina]
20-Sep-2021 18:11:32.647 INFO [main] org.apache.catalina.core.StandardEngine.startInternal Starting Servlet engine: [Apache Tomcat/9.0.53]
20-Sep-2021 18:11:32.654 INFO [main] org.apache.catalina.startup.HostConfig.deployDirectory Deploying web application directory [C:\apache-tomcat-9.0.53\webapps\docs]
20-Sep-2021 18:11:32.884 INFO [main] org.apache.catalina.startup.HostConfig.deployDirectory Deployment of web application directory [C:\apache-tomcat-9.0.53\webapps\docs] has finished in [230] ms
20-Sep-2021 18:11:32.885 INFO [main] org.apache.catalina.startup.HostConfig.deployDirectory Deploying web application directory [C:\apache-tomcat-9.0.53\webapps\examples]
20-Sep-2021 18:11:33.230 INFO [main] org.apache.catalina.startup.HostConfig.deployDirectory Deployment of web application directory [C:\apache-tomcat-9.0.53\webapps\examples] has finished in [345] ms
20-Sep-2021 18:11:33.231 INFO [main] org.apache.catalina.startup.HostConfig.deployDirectory Deploying web application directory [C:\apache-tomcat-9.0.53\webapps\host-manager]
20-Sep-2021 18:11:33.267 INFO [main] org.apache.catalina.startup.HostConfig.deployDirectory Deployment of web application directory [C:\apache-tomcat-9.0.53\webapps\host-manager] has finished in [36] ms
20-Sep-2021 18:11:33.268 INFO [main] org.apache.catalina.startup.HostConfig.deployDirectory Deploying web application directory [C:\apache-tomcat-9.0.53\webapps\Lab2]
20-Sep-2021 18:11:33.300 INFO [main] org.apache.catalina.startup.HostConfig.deployDirectory Deployment of web application directory [C:\apache-tomcat-9.0.53\webapps\Lab2] has finished in [32] ms
20-Sep-2021 18:11:33.300 INFO [main] org.apache.catalina.startup.HostConfig.deployDirectory Deploying web application directory [C:\apache-tomcat-9.0.53\webapps\manager]
20-Sep-2021 18:11:33.333 INFO [main] org.apache.catalina.startup.HostConfig.deployDirectory Deployment of web application directory [C:\apache-tomcat-9.0.53\webapps\manager] has finished in [32] ms
20-Sep-2021 18:11:33.333 INFO [main] org.apache.catalina.startup.HostConfig.deployDirectory Deploying web application directory [C:\apache-tomcat-9.0.53\webapps\ROOT]
20-Sep-2021 18:11:33.355 INFO [main] org.apache.catalina.startup.HostConfig.deployDirectory Deployment of web application directory [C:\apache-tomcat-9.0.53\webapps\ROOT] has finished in [22] ms
20-Sep-2021 18:11:33.359 INFO [main] org.apache.coyote.AbstractProtocol.start Starting ProtocolHandler ["http-nio-8081"]
20-Sep-2021 18:11:33.431 INFO [main] org.apache.catalina.startup.Catalina.start Server startup in [818] milliseconds
20-Sep-2021 18:20:31.800 INFO [main] org.apache.catalina.core.StandardServer.await A valid shutdown command was received via the shutdown port. Stopping the Server instance.
20-Sep-2021 18:20:31.800 INFO [main] org.apache.coyote.AbstractProtocol.pause Pausing ProtocolHandler ["http-nio-8081"]
20-Sep-2021 18:20:31.813 INFO [main] org.apache.catalina.core.StandardService.stopInternal Stopping service [Catalina]
20-Sep-2021 18:20:31.829 INFO [main] org.apache.coyote.AbstractProtocol.stop Stopping ProtocolHandler ["http-nio-8081"]
20-Sep-2021 18:20:31.862 INFO [main] org.apache.coyote.AbstractProtocol.destroy Destroying ProtocolHandler ["http-nio-8081"]
20-Sep-2021 18:20:39.912 INFO [main] org.apache.catalina.startup.VersionLoggerListener.log Server version name:   Apache Tomcat/9.0.53
20-Sep-2021 18:20:39.915 INFO [main] org.apache.catalina.startup.VersionLoggerListener.log Server built:          Sep 6 2021 19:09:00 UTC
20-Sep-2021 18:20:39.915 INFO [main] org.apache.catalina.startup.VersionLoggerListener.log Server version number: 9.0.53.0
20-Sep-2021 18:20:39.915 INFO [main] org.apache.catalina.startup.VersionLoggerListener.log OS Name:               Windows 10
20-Sep-2021 18:20:39.915 INFO [main] org.apache.catalina.startup.VersionLoggerListener.log OS Version:            10.0
20-Sep-2021 18:20:39.916 INFO [main] org.apache.catalina.startup.VersionLoggerListener.log Architecture:          amd64
20-Sep-2021 18:20:39.916 INFO [main] org.apache.catalina.startup.VersionLoggerListener.log Java Home:             C:\Program Files\Java\jdk-17
20-Sep-2021 18:20:39.916 INFO [main] org.apache.catalina.startup.VersionLoggerListener.log JVM Version:           17+35-LTS-2724
20-Sep-2021 18:20:39.916 INFO [main] org.apache.catalina.startup.VersionLoggerListener.log JVM Vendor:            Oracle Corporation
20-Sep-2021 18:20:39.916 INFO [main] org.apache.catalina.startup.VersionLoggerListener.log CATALINA_BASE:         C:\apache-tomcat-9.0.53
20-Sep-2021 18:20:39.916 INFO [main] org.apache.catalina.startup.VersionLoggerListener.log CATALINA_HOME:         C:\apache-tomcat-9.0.53
20-Sep-2021 18:20:39.924 INFO [main] org.apache.catalina.startup.VersionLoggerListener.log Command line argument: --add-opens=java.base/java.lang=ALL-UNNAMED
20-Sep-2021 18:20:39.925 INFO [main] org.apache.catalina.startup.VersionLoggerListener.log Command line argument: --add-opens=java.base/java.io=ALL-UNNAMED
20-Sep-2021 18:20:39.925 INFO [main] org.apache.catalina.startup.VersionLoggerListener.log Command line argument: --add-opens=java.base/java.util=ALL-UNNAMED
20-Sep-2021 18:20:39.925 INFO [main] org.apache.catalina.startup.VersionLoggerListener.log Command line argument: --add-opens=java.base/java.util.concurrent=ALL-UNNAMED
20-Sep-2021 18:20:39.925 INFO [main] org.apache.catalina.startup.VersionLoggerListener.log Command line argument: --add-opens=java.rmi/sun.rmi.transport=ALL-UNNAMED
20-Sep-2021 18:20:39.926 INFO [main] org.apache.catalina.startup.VersionLoggerListener.log Command line argument: -Djava.util.logging.config.file=C:\apache-tomcat-9.0.53\conf\logging.properties
20-Sep-2021 18:20:39.926 INFO [main] org.apache.catalina.startup.VersionLoggerListener.log Command line argument: -Djava.util.logging.manager=org.apache.juli.ClassLoaderLogManager
20-Sep-2021 18:20:39.927 INFO [main] org.apache.catalina.startup.VersionLoggerListener.log Command line argument: -Djdk.tls.ephemeralDHKeySize=2048
20-Sep-2021 18:20:39.927 INFO [main] org.apache.catalina.startup.VersionLoggerListener.log Command line argument: -Djava.protocol.handler.pkgs=org.apache.catalina.webresources
20-Sep-2021 18:20:39.927 INFO [main] org.apache.catalina.startup.VersionLoggerListener.log Command line argument: -Dignore.endorsed.dirs=
20-Sep-2021 18:20:39.928 INFO [main] org.apache.catalina.startup.VersionLoggerListener.log Command line argument: -Dcatalina.base=C:\apache-tomcat-9.0.53
20-Sep-2021 18:20:39.928 INFO [main] org.apache.catalina.startup.VersionLoggerListener.log Command line argument: -Dcatalina.home=C:\apache-tomcat-9.0.53
20-Sep-2021 18:20:39.929 INFO [main] org.apache.catalina.startup.VersionLoggerListener.log Command line argument: -Djava.io.tmpdir=C:\apache-tomcat-9.0.53\temp
20-Sep-2021 18:20:39.931 INFO [main] org.apache.catalina.core.AprLifecycleListener.lifecycleEvent Loaded Apache Tomcat Native library [1.2.31] using APR version [1.7.0].
20-Sep-2021 18:20:39.931 INFO [main] org.apache.catalina.core.AprLifecycleListener.lifecycleEvent APR capabilities: IPv6 [true], sendfile [true], accept filters [false], random [true], UDS [true].
20-Sep-2021 18:20:39.932 INFO [main] org.apache.catalina.core.AprLifecycleListener.lifecycleEvent APR/OpenSSL configuration: useAprConnector [false], useOpenSSL [true]
20-Sep-2021 18:20:39.935 INFO [main] org.apache.catalina.core.AprLifecycleListener.initializeSSL OpenSSL successfully initialized [OpenSSL 1.1.1l  24 Aug 2021]
20-Sep-2021 18:20:40.128 INFO [main] org.apache.coyote.AbstractProtocol.init Initializing ProtocolHandler ["http-nio-8081"]
20-Sep-2021 18:20:40.147 INFO [main] org.apache.catalina.startup.Catalina.load Server initialization in [369] milliseconds
20-Sep-2021 18:20:40.182 INFO [main] org.apache.catalina.core.StandardService.startInternal Starting service [Catalina]
20-Sep-2021 18:20:40.182 INFO [main] org.apache.catalina.core.StandardEngine.startInternal Starting Servlet engine: [Apache Tomcat/9.0.53]
20-Sep-2021 18:20:40.190 INFO [main] org.apache.catalina.startup.HostConfig.deployDirectory Deploying web application directory [C:\apache-tomcat-9.0.53\webapps\docs]
20-Sep-2021 18:20:40.392 INFO [main] org.apache.catalina.startup.HostConfig.deployDirectory Deployment of web application directory [C:\apache-tomcat-9.0.53\webapps\docs] has finished in [202] ms
20-Sep-2021 18:20:40.393 INFO [main] org.apache.catalina.startup.HostConfig.deployDirectory Deploying web application directory [C:\apache-tomcat-9.0.53\webapps\examples]
20-Sep-2021 18:20:40.720 INFO [main] org.apache.catalina.startup.HostConfig.deployDirectory Deployment of web application directory [C:\apache-tomcat-9.0.53\webapps\examples] has finished in [327] ms
20-Sep-2021 18:20:40.721 INFO [main] org.apache.catalina.startup.HostConfig.deployDirectory Deploying web application directory [C:\apache-tomcat-9.0.53\webapps\host-manager]
20-Sep-2021 18:20:40.751 INFO [main] org.apache.catalina.startup.HostConfig.deployDirectory Deployment of web application directory [C:\apache-tomcat-9.0.53\webapps\host-manager] has finished in [30] ms
20-Sep-2021 18:20:40.751 INFO [main] org.apache.catalina.startup.HostConfig.deployDirectory Deploying web application directory [C:\apache-tomcat-9.0.53\webapps\Lab2]
20-Sep-2021 18:20:40.777 INFO [main] org.apache.catalina.startup.HostConfig.deployDirectory Deployment of web application directory [C:\apache-tomcat-9.0.53\webapps\Lab2] has finished in [26] ms
20-Sep-2021 18:20:40.778 INFO [main] org.apache.catalina.startup.HostConfig.deployDirectory Deploying web application directory [C:\apache-tomcat-9.0.53\webapps\manager]
20-Sep-2021 18:20:40.806 INFO [main] org.apache.catalina.startup.HostConfig.deployDirectory Deployment of web application directory [C:\apache-tomcat-9.0.53\webapps\manager] has finished in [29] ms
20-Sep-2021 18:20:40.807 INFO [main] org.apache.catalina.startup.HostConfig.deployDirectory Deploying web application directory [C:\apache-tomcat-9.0.53\webapps\ROOT]
20-Sep-2021 18:20:40.827 INFO [main] org.apache.catalina.startup.HostConfig.deployDirectory Deployment of web application directory [C:\apache-tomcat-9.0.53\webapps\ROOT] has finished in [20] ms
20-Sep-2021 18:20:40.830 INFO [main] org.apache.coyote.AbstractProtocol.start Starting ProtocolHandler ["http-nio-8081"]
20-Sep-2021 18:20:40.893 INFO [main] org.apache.catalina.startup.Catalina.start Server startup in [745] milliseconds
20-Sep-2021 18:23:00.884 INFO [Catalina-utility-2] org.apache.catalina.startup.HostConfig.reload Reloading context [/Lab2]
20-Sep-2021 18:23:00.885 INFO [Catalina-utility-2] org.apache.catalina.core.StandardContext.reload Reloading Context with name [/Lab2] has started
20-Sep-2021 18:23:00.912 INFO [Catalina-utility-2] org.apache.catalina.core.StandardContext.reload Reloading Context with name [/Lab2] is completed
20-Sep-2021 18:24:23.186 INFO [main] org.apache.catalina.core.StandardServer.await A valid shutdown command was received via the shutdown port. Stopping the Server instance.
20-Sep-2021 18:24:23.187 INFO [main] org.apache.coyote.AbstractProtocol.pause Pausing ProtocolHandler ["http-nio-8081"]
20-Sep-2021 18:24:23.199 INFO [main] org.apache.catalina.core.StandardService.stopInternal Stopping service [Catalina]
20-Sep-2021 18:24:23.209 INFO [main] org.apache.coyote.AbstractProtocol.stop Stopping ProtocolHandler ["http-nio-8081"]
20-Sep-2021 18:24:23.246 INFO [main] org.apache.coyote.AbstractProtocol.destroy Destroying ProtocolHandler ["http-nio-8081"]
20-Sep-2021 18:26:19.704 INFO [main] org.apache.catalina.startup.VersionLoggerListener.log Server version name:   Apache Tomcat/9.0.53
20-Sep-2021 18:26:19.707 INFO [main] org.apache.catalina.startup.VersionLoggerListener.log Server built:          Sep 6 2021 19:09:00 UTC
20-Sep-2021 18:26:19.707 INFO [main] org.apache.catalina.startup.VersionLoggerListener.log Server version number: 9.0.53.0
20-Sep-2021 18:26:19.708 INFO [main] org.apache.catalina.startup.VersionLoggerListener.log OS Name:               Windows 10
20-Sep-2021 18:26:19.708 INFO [main] org.apache.catalina.startup.VersionLoggerListener.log OS Version:            10.0
20-Sep-2021 18:26:19.708 INFO [main] org.apache.catalina.startup.VersionLoggerListener.log Architecture:          amd64
20-Sep-2021 18:26:19.708 INFO [main] org.apache.catalina.startup.VersionLoggerListener.log Java Home:             C:\Program Files\Java\jdk-17
20-Sep-2021 18:26:19.708 INFO [main] org.apache.catalina.startup.VersionLoggerListener.log JVM Version:           17+35-LTS-2724
20-Sep-2021 18:26:19.709 INFO [main] org.apache.catalina.startup.VersionLoggerListener.log JVM Vendor:            Oracle Corporation
20-Sep-2021 18:26:19.709 INFO [main] org.apache.catalina.startup.VersionLoggerListener.log CATALINA_BASE:         C:\apache-tomcat-9.0.53
20-Sep-2021 18:26:19.709 INFO [main] org.apache.catalina.startup.VersionLoggerListener.log CATALINA_HOME:         C:\apache-tomcat-9.0.53
20-Sep-2021 18:26:19.716 INFO [main] org.apache.catalina.startup.VersionLoggerListener.log Command line argument: --add-opens=java.base/java.lang=ALL-UNNAMED
20-Sep-2021 18:26:19.717 INFO [main] org.apache.catalina.startup.VersionLoggerListener.log Command line argument: --add-opens=java.base/java.io=ALL-UNNAMED
20-Sep-2021 18:26:19.717 INFO [main] org.apache.catalina.startup.VersionLoggerListener.log Command line argument: --add-opens=java.base/java.util=ALL-UNNAMED
20-Sep-2021 18:26:19.717 INFO [main] org.apache.catalina.startup.VersionLoggerListener.log Command line argument: --add-opens=java.base/java.util.concurrent=ALL-UNNAMED
20-Sep-2021 18:26:19.717 INFO [main] org.apache.catalina.startup.VersionLoggerListener.log Command line argument: --add-opens=java.rmi/sun.rmi.transport=ALL-UNNAMED
20-Sep-2021 18:26:19.717 INFO [main] org.apache.catalina.startup.VersionLoggerListener.log Command line argument: -Djava.util.logging.config.file=C:\apache-tomcat-9.0.53\conf\logging.properties
20-Sep-2021 18:26:19.718 INFO [main] org.apache.catalina.startup.VersionLoggerListener.log Command line argument: -Djava.util.logging.manager=org.apache.juli.ClassLoaderLogManager
20-Sep-2021 18:26:19.718 INFO [main] org.apache.catalina.startup.VersionLoggerListener.log Command line argument: -Djdk.tls.ephemeralDHKeySize=2048
20-Sep-2021 18:26:19.719 INFO [main] org.apache.catalina.startup.VersionLoggerListener.log Command line argument: -Djava.protocol.handler.pkgs=org.apache.catalina.webresources
20-Sep-2021 18:26:19.719 INFO [main] org.apache.catalina.startup.VersionLoggerListener.log Command line argument: -Dignore.endorsed.dirs=
20-Sep-2021 18:26:19.719 INFO [main] org.apache.catalina.startup.VersionLoggerListener.log Command line argument: -Dcatalina.base=C:\apache-tomcat-9.0.53
20-Sep-2021 18:26:19.720 INFO [main] org.apache.catalina.startup.VersionLoggerListener.log Command line argument: -Dcatalina.home=C:\apache-tomcat-9.0.53
20-Sep-2021 18:26:19.720 INFO [main] org.apache.catalina.startup.VersionLoggerListener.log Command line argument: -Djava.io.tmpdir=C:\apache-tomcat-9.0.53\temp
20-Sep-2021 18:26:19.723 INFO [main] org.apache.catalina.core.AprLifecycleListener.lifecycleEvent Loaded Apache Tomcat Native library [1.2.31] using APR version [1.7.0].
20-Sep-2021 18:26:19.723 INFO [main] org.apache.catalina.core.AprLifecycleListener.lifecycleEvent APR capabilities: IPv6 [true], sendfile [true], accept filters [false], random [true], UDS [true].
20-Sep-2021 18:26:19.723 INFO [main] org.apache.catalina.core.AprLifecycleListener.lifecycleEvent APR/OpenSSL configuration: useAprConnector [false], useOpenSSL [true]
20-Sep-2021 18:26:19.727 INFO [main] org.apache.catalina.core.AprLifecycleListener.initializeSSL OpenSSL successfully initialized [OpenSSL 1.1.1l  24 Aug 2021]
20-Sep-2021 18:26:19.932 INFO [main] org.apache.coyote.AbstractProtocol.init Initializing ProtocolHandler ["http-nio-8081"]
20-Sep-2021 18:26:19.949 INFO [main] org.apache.catalina.startup.Catalina.load Server initialization in [383] milliseconds
20-Sep-2021 18:26:19.990 INFO [main] org.apache.catalina.core.StandardService.startInternal Starting service [Catalina]
20-Sep-2021 18:26:19.990 INFO [main] org.apache.catalina.core.StandardEngine.startInternal Starting Servlet engine: [Apache Tomcat/9.0.53]
20-Sep-2021 18:26:19.997 INFO [main] org.apache.catalina.startup.HostConfig.deployDirectory Deploying web application directory [C:\apache-tomcat-9.0.53\webapps\docs]
20-Sep-2021 18:26:20.212 INFO [main] org.apache.catalina.startup.HostConfig.deployDirectory Deployment of web application directory [C:\apache-tomcat-9.0.53\webapps\docs] has finished in [216] ms
20-Sep-2021 18:26:20.213 INFO [main] org.apache.catalina.startup.HostConfig.deployDirectory Deploying web application directory [C:\apache-tomcat-9.0.53\webapps\examples]
20-Sep-2021 18:26:20.536 INFO [main] org.apache.catalina.startup.HostConfig.deployDirectory Deployment of web application directory [C:\apache-tomcat-9.0.53\webapps\examples] has finished in [323] ms
20-Sep-2021 18:26:20.536 INFO [main] org.apache.catalina.startup.HostConfig.deployDirectory Deploying web application directory [C:\apache-tomcat-9.0.53\webapps\host-manager]
20-Sep-2021 18:26:20.567 INFO [main] org.apache.catalina.startup.HostConfig.deployDirectory Deployment of web application directory [C:\apache-tomcat-9.0.53\webapps\host-manager] has finished in [31] ms
20-Sep-2021 18:26:20.567 INFO [main] org.apache.catalina.startup.HostConfig.deployDirectory Deploying web application directory [C:\apache-tomcat-9.0.53\webapps\Lab2]
20-Sep-2021 18:26:20.599 INFO [main] org.apache.catalina.startup.HostConfig.deployDirectory Deployment of web application directory [C:\apache-tomcat-9.0.53\webapps\Lab2] has finished in [32] ms
20-Sep-2021 18:26:20.600 INFO [main] org.apache.catalina.startup.HostConfig.deployDirectory Deploying web application directory [C:\apache-tomcat-9.0.53\webapps\manager]
20-Sep-2021 18:26:20.630 INFO [main] org.apache.catalina.startup.HostConfig.deployDirectory Deployment of web application directory [C:\apache-tomcat-9.0.53\webapps\manager] has finished in [30] ms
20-Sep-2021 18:26:20.631 INFO [main] org.apache.catalina.startup.HostConfig.deployDirectory Deploying web application directory [C:\apache-tomcat-9.0.53\webapps\ROOT]
20-Sep-2021 18:26:20.651 INFO [main] org.apache.catalina.startup.HostConfig.deployDirectory Deployment of web application directory [C:\apache-tomcat-9.0.53\webapps\ROOT] has finished in [20] ms
20-Sep-2021 18:26:20.653 INFO [main] org.apache.coyote.AbstractProtocol.start Starting ProtocolHandler ["http-nio-8081"]
20-Sep-2021 18:26:20.716 INFO [main] org.apache.catalina.startup.Catalina.start Server startup in [767] milliseconds
20-Sep-2021 18:26:56.067 INFO [main] org.apache.catalina.core.StandardServer.await A valid shutdown command was received via the shutdown port. Stopping the Server instance.
20-Sep-2021 18:26:56.067 INFO [main] org.apache.coyote.AbstractProtocol.pause Pausing ProtocolHandler ["http-nio-8081"]
20-Sep-2021 18:26:56.080 INFO [main] org.apache.catalina.core.StandardService.stopInternal Stopping service [Catalina]
20-Sep-2021 18:26:56.099 INFO [main] org.apache.coyote.AbstractProtocol.stop Stopping ProtocolHandler ["http-nio-8081"]
20-Sep-2021 18:26:56.126 INFO [main] org.apache.coyote.AbstractProtocol.destroy Destroying ProtocolHandler ["http-nio-8081"]
