20-Sep-2021 09:18:05.928 INFO [main] org.apache.catalina.core.ApplicationContext.log ContextListener: contextInitialized()
20-Sep-2021 09:18:05.928 INFO [main] org.apache.catalina.core.ApplicationContext.log SessionListener: contextInitialized()
20-Sep-2021 09:18:05.930 INFO [main] org.apache.catalina.core.ApplicationContext.log ContextListener: attributeAdded('StockTicker', 'async.Stockticker@773f7880')
20-Sep-2021 09:24:07.885 INFO [main] org.apache.catalina.core.ApplicationContext.log SessionListener: contextDestroyed()
20-Sep-2021 09:24:07.885 INFO [main] org.apache.catalina.core.ApplicationContext.log ContextListener: contextDestroyed()
20-Sep-2021 17:44:50.849 INFO [main] org.apache.catalina.core.ApplicationContext.log ContextListener: contextInitialized()
20-Sep-2021 17:44:50.849 INFO [main] org.apache.catalina.core.ApplicationContext.log SessionListener: contextInitialized()
20-Sep-2021 17:44:50.852 INFO [main] org.apache.catalina.core.ApplicationContext.log ContextListener: attributeAdded('StockTicker', 'async.Stockticker@55e8ec2f')
20-Sep-2021 17:59:11.494 INFO [main] org.apache.catalina.core.ApplicationContext.log SessionListener: contextDestroyed()
20-Sep-2021 17:59:11.494 INFO [main] org.apache.catalina.core.ApplicationContext.log ContextListener: contextDestroyed()
20-Sep-2021 17:59:15.392 INFO [main] org.apache.catalina.core.ApplicationContext.log ContextListener: contextInitialized()
20-Sep-2021 17:59:15.392 INFO [main] org.apache.catalina.core.ApplicationContext.log SessionListener: contextInitialized()
20-Sep-2021 17:59:15.393 INFO [main] org.apache.catalina.core.ApplicationContext.log ContextListener: attributeAdded('StockTicker', 'async.Stockticker@2e54db99')
20-Sep-2021 18:10:40.222 INFO [main] org.apache.catalina.core.ApplicationContext.log SessionListener: contextDestroyed()
20-Sep-2021 18:10:40.222 INFO [main] org.apache.catalina.core.ApplicationContext.log ContextListener: contextDestroyed()
20-Sep-2021 18:11:33.222 INFO [main] org.apache.catalina.core.ApplicationContext.log ContextListener: contextInitialized()
20-Sep-2021 18:11:33.222 INFO [main] org.apache.catalina.core.ApplicationContext.log SessionListener: contextInitialized()
20-Sep-2021 18:11:33.223 INFO [main] org.apache.catalina.core.ApplicationContext.log ContextListener: attributeAdded('StockTicker', 'async.Stockticker@6d24ffa1')
20-Sep-2021 18:20:31.820 INFO [main] org.apache.catalina.core.ApplicationContext.log SessionListener: contextDestroyed()
20-Sep-2021 18:20:31.820 INFO [main] org.apache.catalina.core.ApplicationContext.log ContextListener: contextDestroyed()
20-Sep-2021 18:20:40.711 INFO [main] org.apache.catalina.core.ApplicationContext.log ContextListener: contextInitialized()
20-Sep-2021 18:20:40.711 INFO [main] org.apache.catalina.core.ApplicationContext.log SessionListener: contextInitialized()
20-Sep-2021 18:20:40.713 INFO [main] org.apache.catalina.core.ApplicationContext.log ContextListener: attributeAdded('StockTicker', 'async.Stockticker@2dbf4cbd')
20-Sep-2021 18:24:23.203 INFO [main] org.apache.catalina.core.ApplicationContext.log SessionListener: contextDestroyed()
20-Sep-2021 18:24:23.203 INFO [main] org.apache.catalina.core.ApplicationContext.log ContextListener: contextDestroyed()
20-Sep-2021 18:26:20.526 INFO [main] org.apache.catalina.core.ApplicationContext.log ContextListener: contextInitialized()
20-Sep-2021 18:26:20.526 INFO [main] org.apache.catalina.core.ApplicationContext.log SessionListener: contextInitialized()
20-Sep-2021 18:26:20.528 INFO [main] org.apache.catalina.core.ApplicationContext.log ContextListener: attributeAdded('StockTicker', 'async.Stockticker@4f2613d1')
20-Sep-2021 18:26:56.089 INFO [main] org.apache.catalina.core.ApplicationContext.log SessionListener: contextDestroyed()
20-Sep-2021 18:26:56.089 INFO [main] org.apache.catalina.core.ApplicationContext.log ContextListener: contextDestroyed()
